2025-03-31 15:44:17,764 - Moved RenderCV_EngineeringResumes_Theme.pdf to Documents
2025-03-31 15:44:17,765 - Moved Receipt Notice.pdf to Documents
2025-03-31 15:44:17,765 - Moved Final_Project_ACM_Format.docx to Documents
2025-03-31 15:44:17,765 - Moved USCIS Online Account _ Backup code.pdf to Documents
2025-03-31 15:44:17,766 - Moved Final Project-1.docx to Documents
2025-03-31 15:44:17,766 - Moved acm_submission_template.docx to Documents
2025-03-31 15:44:17,766 - Moved Assignment_Paper Selection-1.docx to Documents
2025-03-31 15:44:17,766 - Moved VISATEKMAL.pdf to Documents
2025-03-31 15:44:17,766 - Moved CS605_740_Sai_Chandra_Vanama.pdf to Documents
2025-03-31 15:44:17,766 - Moved balram.jpg to Images
2025-03-31 15:44:17,767 - Moved Graduate Project_BalRam.docx to Documents
2025-03-31 15:44:17,767 - Moved ~$nal Project-1 (1).docx to Documents
2025-03-31 15:44:17,767 - Moved CS605_740_Bal_Ram_Reddy_Assignment_07_.pdf to Documents
2025-03-31 15:44:17,767 - Moved RAM_Resume.pdf to Documents
2025-03-31 15:44:17,767 - Moved resume_samples.txt to Documents
2025-03-31 15:44:17,767 - Moved bec48e10-e4da-4ed0-b39a-87175910f3ef.jpg to Images
2025-03-31 15:44:17,767 - Moved Payment Success.pdf to Documents
2025-03-31 15:44:17,767 - Moved Extensible_Machine_Learning_for_Encrypted_Network_Traffic_Application_Labeling_via_Uncertainty_Quantification.pdf to Documents
2025-03-31 15:44:17,767 - Moved I-765 C03B Standalone Approval (1).pdf to Documents
2025-03-31 15:44:17,768 - Moved Resume.pdf to Documents
2025-03-31 15:44:17,768 - Moved Machine_Learning_Cloud_Roadmap.xlsx to Documents
2025-03-31 15:44:17,768 - Moved BalRam_Resume (1).pdf to Documents
2025-03-31 15:44:17,768 - Moved Real_World_Projects.pdf to Documents
2025-03-31 15:44:17,769 - Moved TLCL-24.11 (1).pdf to Documents
2025-03-31 15:44:17,769 - Moved PHOTO.jpg to Images
2025-03-31 15:44:17,769 - Moved I94TEKMAL.pdf to Documents
2025-03-31 15:44:17,769 - Moved PHOTOTEKMAL.jpg to Images
2025-03-31 15:44:17,769 - Moved 1_cG6U1qstYDijh9bPL42e-Q.jpg to Images
2025-03-31 15:44:17,770 - Moved TLCL-24.11.pdf to Documents
2025-03-31 15:44:17,770 - Moved problem_solving_basic certificate.pdf to Documents
2025-03-31 15:44:17,770 - Moved ~$nal_Project_ACM_Format.docx to Documents
2025-03-31 15:44:17,770 - Moved AI ML INTERNSHIP CERTIFICATE.pdf to Documents
2025-03-31 15:44:17,771 - Moved PASSPORTTEKMAL.pdf to Documents
2025-03-31 15:44:17,771 - Moved Presentations evaluation form.docx to Documents
2025-03-31 15:44:17,771 - Moved scripts .docx to Documents
2025-03-31 15:44:17,771 - Moved CS605_742_BALRAMREDDY.pdf to Documents
2025-03-31 15:44:17,771 - Moved MAHESH PEER FORM (1).docx to Documents
2025-03-31 15:44:17,772 - Moved USCIS - I-765, Application for Employment Authorization - Your application summary.pdf to Documents
2025-03-31 15:44:17,772 - Moved adbs.pdf to Documents
2025-03-31 15:44:17,772 - Moved RenderCV_EngineeringResumes_Theme (1).pdf to Documents
2025-03-31 15:44:17,772 - Moved d048e410-7994-4a6f-9180-8a3bd8df902b.png to Images
2025-03-31 15:44:17,772 - Moved I-765 C03B Standalone Approval.pdf to Documents
2025-03-31 15:44:17,772 - Moved Resume1.pdf to Documents
2025-03-31 15:44:17,772 - Moved WhatsApp Image 2024-12-11 at 23.05.36.jpeg to Images
2025-03-31 15:44:17,772 - Moved OPTTEKMAL.pdf to Documents
2025-03-31 15:44:17,773 - Moved Graduate_DB_Project (2).pdf to Documents
2025-03-31 15:47:15,397 - Moved pandas-exercises.ipynb.txt to Documents
2025-03-31 15:47:15,398 - Moved 6-step-ml-framework.png to Images
2025-03-31 15:52:43,982 - Moved balram1.jpg to Images
2025-03-31 15:52:43,984 - Moved balram1.jpg to Images
2025-03-31 15:52:43,984 - Moved balram.jpg to Images
2025-03-31 15:52:43,984 - Moved balram.jpg to Images
2025-03-31 15:52:43,984 - Moved utf8_file.txt to Documents
2025-03-31 15:52:43,984 - Moved utf8_file.txt to Documents
2025-03-31 15:52:43,984 - Moved example.txt to Documents
2025-03-31 15:52:43,984 - Moved example.txt to Documents
2025-03-31 15:52:43,984 - Moved copy.jpg to Images
2025-03-31 15:52:43,984 - Moved copy.jpg to Images
